<?xml version="1.0" encoding="UTF-8"?>
<testsuite name="test.java.CartTest" tests="7" skipped="0" failures="0" errors="0" timestamp="2020-04-08T06:13:14" hostname="Islam" time="0.005">
  <properties/>
  <testcase name="Amount_savedCart1[0]" classname="test.java.CartTest" time="0.002"/>
  <testcase name="Amount_savedCart2[0]" classname="test.java.CartTest" time="0.0"/>
  <testcase name="Amount_savedCart3[0]" classname="test.java.CartTest" time="0.001"/>
  <testcase name="Amount_savedCart4[0]" classname="test.java.CartTest" time="0.0"/>
  <testcase name="Amount_savedCart5[0]" classname="test.java.CartTest" time="0.001"/>
  <testcase name="Amount_savedCart6[0]" classname="test.java.CartTest" time="0.0"/>
  <testcase name="Amount_savedCart7[0]" classname="test.java.CartTest" time="0.001"/>
  <system-out><![CDATA[]]></system-out>
  <system-err><![CDATA[]]></system-err>
</testsuite>
