<?xml version="1.0" encoding="UTF-8"?>
<testsuite name="test.java.CalcCostTest" tests="7" skipped="0" failures="0" errors="0" timestamp="2020-04-15T04:10:57" hostname="Islam" time="0.004">
  <properties/>
  <testcase name="calcCostcart1" classname="test.java.CalcCostTest" time="0.002"/>
  <testcase name="calcCostcart2" classname="test.java.CalcCostTest" time="0.0"/>
  <testcase name="calcCostcart3" classname="test.java.CalcCostTest" time="0.0"/>
  <testcase name="calcCostcart4" classname="test.java.CalcCostTest" time="0.0"/>
  <testcase name="calcCostcart5" classname="test.java.CalcCostTest" time="0.0"/>
  <testcase name="calcCostcart6" classname="test.java.CalcCostTest" time="0.001"/>
  <testcase name="calcCostcart7" classname="test.java.CalcCostTest" time="0.0"/>
  <system-out><![CDATA[]]></system-out>
  <system-err><![CDATA[]]></system-err>
</testsuite>
