<?xml version="1.0" encoding="UTF-8"?>
<testsuite name="test.java.WhiteBoxGiven" tests="1" skipped="0" failures="0" errors="0" timestamp="2020-04-14T20:35:08" hostname="Islam" time="0.0">
  <properties/>
  <testcase name="getTax" classname="test.java.WhiteBoxGiven" time="0.0"/>
  <system-out><![CDATA[]]></system-out>
  <system-err><![CDATA[]]></system-err>
</testsuite>
